<?xml version="1.0" encoding="UTF-8"?>
<coverage generated="1769438081786" clover="3.2.0">
  <project timestamp="1769438081786" name="All files">
    <metrics statements="13" coveredstatements="9" conditionals="8" coveredconditionals="6" methods="4" coveredmethods="4" elements="25" coveredelements="19" complexity="0" loc="13" ncloc="13" packages="1" files="1" classes="1"/>
    <file name="calculator.js" path="C:\Users\Avi\OneDrive\Skrivbord\Systemutveckling .net\HTML\JS-CI-Uppgift\calculator.js">
      <metrics statements="13" coveredstatements="9" conditionals="8" coveredconditionals="6" methods="4" coveredmethods="4"/>
      <line num="6" count="3" type="stmt"/>
      <line num="10" count="2" type="stmt"/>
      <line num="14" count="3" type="stmt"/>
      <line num="18" count="3" type="cond" truecount="2" falsecount="0"/>
      <line num="19" count="1" type="stmt"/>
      <line num="21" count="2" type="stmt"/>
      <line num="25" count="1" type="cond" truecount="3" falsecount="1"/>
      <line num="26" count="1" type="stmt"/>
      <line num="30" count="1" type="cond" truecount="1" falsecount="1"/>
      <line num="31" count="0" type="stmt"/>
      <line num="32" count="0" type="stmt"/>
      <line num="33" count="0" type="stmt"/>
      <line num="34" count="0" type="stmt"/>
    </file>
  </project>
</coverage>
