{"C:\\Users\\Avi\\OneDrive\\Skrivbord\\Systemutveckling .net\\HTML\\JS-CI-Uppgift\\calculator.js": {"path":"C:\\Users\\Avi\\OneDrive\\Skrivbord\\Systemutveckling .net\\HTML\\JS-CI-Uppgift\\calculator.js","statementMap":{"0":{"start":{"line":6,"column":4},"end":{"line":6,"column":17}},"1":{"start":{"line":10,"column":4},"end":{"line":10,"column":17}},"2":{"start":{"line":14,"column":4},"end":{"line":14,"column":17}},"3":{"start":{"line":18,"column":4},"end":{"line":20,"column":5}},"4":{"start":{"line":19,"column":8},"end":{"line":19,"column":55}},"5":{"start":{"line":21,"column":4},"end":{"line":21,"column":17}}},"fnMap":{"0":{"name":"add","decl":{"start":{"line":5,"column":9},"end":{"line":5,"column":12}},"loc":{"start":{"line":5,"column":19},"end":{"line":7,"column":1}},"line":5},"1":{"name":"subtract","decl":{"start":{"line":9,"column":9},"end":{"line":9,"column":17}},"loc":{"start":{"line":9,"column":24},"end":{"line":11,"column":1}},"line":9},"2":{"name":"multiply","decl":{"start":{"line":13,"column":9},"end":{"line":13,"column":17}},"loc":{"start":{"line":13,"column":24},"end":{"line":15,"column":1}},"line":13},"3":{"name":"divide","decl":{"start":{"line":17,"column":9},"end":{"line":17,"column":15}},"loc":{"start":{"line":17,"column":22},"end":{"line":22,"column":1}},"line":17}},"branchMap":{"0":{"loc":{"start":{"line":18,"column":4},"end":{"line":20,"column":5}},"type":"if","locations":[{"start":{"line":18,"column":4},"end":{"line":20,"column":5}},{"start":{},"end":{}}],"line":18}},"s":{"0":11,"1":10,"2":10,"3":13,"4":1,"5":12},"f":{"0":11,"1":10,"2":10,"3":13},"b":{"0":[1,12]},"_coverageSchema":"1a1c01bbd47fc00a2c39e90264f33305004495a9","hash":"66072ab3b8467464dc3a24078e7fcc522f2cafad"}
,"C:\\Users\\Avi\\OneDrive\\Skrivbord\\Systemutveckling .net\\HTML\\JS-CI-Uppgift\\src\\critical\\WeatherService.js": {"path":"C:\\Users\\Avi\\OneDrive\\Skrivbord\\Systemutveckling .net\\HTML\\JS-CI-Uppgift\\src\\critical\\WeatherService.js","statementMap":{"0":{"start":{"line":4,"column":4},"end":{"line":4,"column":28}},"1":{"start":{"line":7,"column":23},"end":{"line":7,"column":44}},"2":{"start":{"line":8,"column":20},"end":{"line":8,"column":62}},"3":{"start":{"line":8,"column":37},"end":{"line":8,"column":55}},"4":{"start":{"line":10,"column":4},"end":{"line":21,"column":5}},"5":{"start":{"line":11,"column":23},"end":{"line":14,"column":7}},"6":{"start":{"line":15,"column":6},"end":{"line":15,"column":28}},"7":{"start":{"line":16,"column":6},"end":{"line":16,"column":53}},"8":{"start":{"line":16,"column":24},"end":{"line":16,"column":53}},"9":{"start":{"line":17,"column":6},"end":{"line":17,"column":35}},"10":{"start":{"line":19,"column":6},"end":{"line":19,"column":74}},"11":{"start":{"line":19,"column":37},"end":{"line":19,"column":74}},"12":{"start":{"line":20,"column":6},"end":{"line":20,"column":16}},"13":{"start":{"line":25,"column":0},"end":{"line":25,"column":32}}},"fnMap":{"0":{"name":"(anonymous_0)","decl":{"start":{"line":2,"column":2},"end":{"line":2,"column":3}},"loc":{"start":{"line":2,"column":16},"end":{"line":2,"column":18}},"line":2},"1":{"name":"(anonymous_1)","decl":{"start":{"line":3,"column":2},"end":{"line":3,"column":3}},"loc":{"start":{"line":3,"column":16},"end":{"line":5,"column":3}},"line":3},"2":{"name":"(anonymous_2)","decl":{"start":{"line":6,"column":2},"end":{"line":6,"column":3}},"loc":{"start":{"line":6,"column":25},"end":{"line":22,"column":3}},"line":6},"3":{"name":"(anonymous_3)","decl":{"start":{"line":8,"column":31},"end":{"line":8,"column":32}},"loc":{"start":{"line":8,"column":37},"end":{"line":8,"column":55}},"line":8}},"branchMap":{"0":{"loc":{"start":{"line":16,"column":6},"end":{"line":16,"column":53}},"type":"if","locations":[{"start":{"line":16,"column":6},"end":{"line":16,"column":53}},{"start":{},"end":{}}],"line":16},"1":{"loc":{"start":{"line":19,"column":6},"end":{"line":19,"column":74}},"type":"if","locations":[{"start":{"line":19,"column":6},"end":{"line":19,"column":74}},{"start":{},"end":{}}],"line":19}},"s":{"0":1,"1":10,"2":10,"3":1,"4":10,"5":10,"6":7,"7":7,"8":1,"9":6,"10":5,"11":2,"12":3,"13":1},"f":{"0":11,"1":1,"2":10,"3":1},"b":{"0":[1,6],"1":[2,3]},"_coverageSchema":"1a1c01bbd47fc00a2c39e90264f33305004495a9","hash":"4a1232234e11209e345ca8f31a7b0bd1f93f08a2"}
}
