TN:
SF:calculator.js
FN:5,add
FN:9,subtract
FN:13,multiply
FN:17,divide
FNF:4
FNH:4
FNDA:11,add
FNDA:10,subtract
FNDA:10,multiply
FNDA:13,divide
DA:6,11
DA:10,10
DA:14,10
DA:18,13
DA:19,1
DA:21,12
LF:6
LH:6
BRDA:18,0,0,1
BRDA:18,0,1,12
BRF:2
BRH:2
end_of_record
TN:
SF:src\critical\WeatherService.js
FN:2,(anonymous_0)
FN:4,(anonymous_1)
FNF:2
FNH:1
FNDA:9,(anonymous_0)
FNDA:0,(anonymous_1)
DA:3,9
DA:4,9
DA:6,9
DA:7,9
DA:11,7
DA:12,7
DA:13,6
DA:15,4
DA:16,3
DA:21,1
LF:10
LH:10
BRDA:12,0,0,1
BRDA:12,0,1,6
BRDA:15,1,0,1
BRDA:15,1,1,3
BRF:4
BRH:4
end_of_record
