TN:
SF:calculator.js
FN:5,add
FN:9,subtract
FN:13,multiply
FN:17,divide
FNF:4
FNH:4
FNDA:11,add
FNDA:10,subtract
FNDA:10,multiply
FNDA:13,divide
DA:6,11
DA:10,10
DA:14,10
DA:18,13
DA:19,1
DA:21,12
LF:6
LH:6
BRDA:18,0,0,1
BRDA:18,0,1,12
BRF:2
BRH:2
end_of_record
TN:
SF:src\critical\WeatherService.js
FN:2,(anonymous_0)
FN:3,(anonymous_1)
FN:6,(anonymous_2)
FN:8,(anonymous_3)
FNF:4
FNH:4
FNDA:11,(anonymous_0)
FNDA:1,(anonymous_1)
FNDA:10,(anonymous_2)
FNDA:1,(anonymous_3)
DA:4,1
DA:7,10
DA:8,10
DA:10,10
DA:11,10
DA:15,7
DA:16,7
DA:17,6
DA:19,5
DA:20,3
DA:25,1
LF:11
LH:11
BRDA:16,0,0,1
BRDA:16,0,1,6
BRDA:19,1,0,2
BRDA:19,1,1,3
BRF:4
BRH:4
end_of_record
